This file contains any messages produced by compilers while
running configure, to aid debugging if configure makes a mistake.

It was created by json-c configure 0.12.99, which was
generated by GNU Autoconf 2.69.  Invocation command line was

  $ ./configure --enable-shared=no --enable-static --prefix=/root/workspace/ics-project/json-c/../libs/linux-i686

## --------- ##
## Platform. ##
## --------- ##

hostname = localhost.localdomain
uname -m = i686
uname -r = 4.2.6-301.fc23.i686+PAE
uname -s = Linux
uname -v = #1 SMP Fri Nov 20 22:42:36 UTC 2015

/usr/bin/uname -p = i686
/bin/uname -X     = unknown

/bin/arch              = i686
/usr/bin/arch -k       = unknown
/usr/convex/getsysinfo = unknown
/usr/bin/hostinfo      = unknown
/bin/machine           = unknown
/usr/bin/oslevel       = unknown
/bin/universe          = unknown

PATH: /usr/lib/ccache
PATH: /usr/local/bin
PATH: /usr/local/sbin
PATH: /usr/bin
PATH: /usr/sbin
PATH: /root/bin
PATH: /opt/Qt5.5.1/5.5/gcc/bin
PATH: /root/workspace/cross-arm-2010q1/bin


## ----------- ##
## Core tests. ##
## ----------- ##

configure:2364: checking for a BSD-compatible install
configure:2432: result: /usr/bin/install -c
configure:2443: checking whether build environment is sane
configure:2498: result: yes
configure:2649: checking for a thread-safe mkdir -p
configure:2688: result: /usr/bin/mkdir -p
configure:2695: checking for gawk
configure:2711: found /usr/bin/gawk
configure:2722: result: gawk
configure:2733: checking whether make sets $(MAKE)
configure:2755: result: yes
configure:2784: checking whether make supports nested variables
configure:2801: result: yes
configure:2928: checking whether make sets $(MAKE)
configure:2950: result: yes
configure:2975: result: RDRAND Hardware RNG Hash Seed disabled. Use --enable-rdrand to enable
configure:2991: checking whether make supports nested variables
configure:3008: result: yes
configure:3037: checking for style of include used by make
configure:3065: result: GNU
configure:3136: checking for gcc
configure:3152: found /usr/lib/ccache/gcc
configure:3163: result: gcc
configure:3392: checking for C compiler version
configure:3401: gcc --version >&5
gcc (GCC) 5.1.1 20150618 (Red Hat 5.1.1-4)
Copyright (C) 2015 Free Software Foundation, Inc.
This is free software; see the source for copying conditions.  There is NO
warranty; not even for MERCHANTABILITY or FITNESS FOR A PARTICULAR PURPOSE.

configure:3412: $? = 0
configure:3401: gcc -v >&5
Using built-in specs.
COLLECT_GCC=/usr/bin/gcc
COLLECT_LTO_WRAPPER=/usr/libexec/gcc/i686-redhat-linux/5.1.1/lto-wrapper
Target: i686-redhat-linux
Configured with: ../configure --enable-bootstrap --enable-languages=c,c++,objc,obj-c++,fortran,ada,go,lto --prefix=/usr --mandir=/usr/share/man --infodir=/usr/share/info --with-bugurl=http://bugzilla.redhat.com/bugzilla --enable-shared --enable-threads=posix --enable-checking=release --enable-multilib --with-system-zlib --enable-__cxa_atexit --disable-libunwind-exceptions --enable-gnu-unique-object --enable-linker-build-id --with-linker-hash-style=gnu --enable-plugin --enable-initfini-array --disable-libgcj --with-isl --enable-libmpx --enable-gnu-indirect-function --with-tune=generic --with-arch=i686 --build=i686-redhat-linux
Thread model: posix
gcc version 5.1.1 20150618 (Red Hat 5.1.1-4) (GCC) 
configure:3412: $? = 0
configure:3401: gcc -V >&5
gcc: error: unrecognized command line option '-V'
gcc: fatal error: no input files
compilation terminated.
configure:3412: $? = 1
configure:3401: gcc -qversion >&5
gcc: error: unrecognized command line option '-qversion'
gcc: fatal error: no input files
compilation terminated.
configure:3412: $? = 1
configure:3432: checking whether the C compiler works
configure:3454: gcc    conftest.c  >&5
configure:3458: $? = 0
configure:3506: result: yes
configure:3509: checking for C compiler default output file name
configure:3511: result: a.out
configure:3517: checking for suffix of executables
configure:3524: gcc -o conftest    conftest.c  >&5
configure:3528: $? = 0
configure:3550: result: 
configure:3572: checking whether we are cross compiling
configure:3580: gcc -o conftest    conftest.c  >&5
configure:3584: $? = 0
configure:3591: ./conftest
configure:3595: $? = 0
configure:3610: result: no
configure:3615: checking for suffix of object files
configure:3637: gcc -c   conftest.c >&5
configure:3641: $? = 0
configure:3662: result: o
configure:3666: checking whether we are using the GNU C compiler
configure:3685: gcc -c   conftest.c >&5
configure:3685: $? = 0
configure:3694: result: yes
configure:3703: checking whether gcc accepts -g
configure:3723: gcc -c -g  conftest.c >&5
configure:3723: $? = 0
configure:3764: result: yes
configure:3781: checking for gcc option to accept ISO C89
configure:3844: gcc  -c -g -O2  conftest.c >&5
configure:3844: $? = 0
configure:3857: result: none needed
configure:3882: checking whether gcc understands -c and -o together
configure:3904: gcc -c conftest.c -o conftest2.o
configure:3907: $? = 0
configure:3904: gcc -c conftest.c -o conftest2.o
configure:3907: $? = 0
configure:3919: result: yes
configure:3938: checking dependency style of gcc
configure:4049: result: gcc3
configure:4075: checking how to run the C preprocessor
configure:4106: gcc -E  conftest.c
configure:4106: $? = 0
configure:4120: gcc -E  conftest.c
conftest.c:11:28: fatal error: ac_nonexistent.h: No such file or directory
compilation terminated.
configure:4120: $? = 1
configure: failed program was:
| /* confdefs.h */
| #define PACKAGE_NAME "json-c"
| #define PACKAGE_TARNAME "json-c"
| #define PACKAGE_VERSION "0.12.99"
| #define PACKAGE_STRING "json-c 0.12.99"
| #define PACKAGE_BUGREPORT "json-c@googlegroups.com"
| #define PACKAGE_URL ""
| #define PACKAGE "json-c"
| #define VERSION "0.12.99"
| /* end confdefs.h.  */
| #include <ac_nonexistent.h>
configure:4145: result: gcc -E
configure:4165: gcc -E  conftest.c
configure:4165: $? = 0
configure:4179: gcc -E  conftest.c
conftest.c:11:28: fatal error: ac_nonexistent.h: No such file or directory
compilation terminated.
configure:4179: $? = 1
configure: failed program was:
| /* confdefs.h */
| #define PACKAGE_NAME "json-c"
| #define PACKAGE_TARNAME "json-c"
| #define PACKAGE_VERSION "0.12.99"
| #define PACKAGE_STRING "json-c 0.12.99"
| #define PACKAGE_BUGREPORT "json-c@googlegroups.com"
| #define PACKAGE_URL ""
| #define PACKAGE "json-c"
| #define VERSION "0.12.99"
| /* end confdefs.h.  */
| #include <ac_nonexistent.h>
configure:4208: checking for grep that handles long lines and -e
configure:4266: result: /usr/bin/grep
configure:4271: checking for egrep
configure:4333: result: /usr/bin/grep -E
configure:4338: checking for ANSI C header files
configure:4358: gcc -c -g -O2  conftest.c >&5
configure:4358: $? = 0
configure:4431: gcc -o conftest -g -O2   conftest.c  >&5
configure:4431: $? = 0
configure:4431: ./conftest
configure:4431: $? = 0
configure:4442: result: yes
configure:4455: checking for sys/types.h
configure:4455: gcc -c -g -O2  conftest.c >&5
configure:4455: $? = 0
configure:4455: result: yes
configure:4455: checking for sys/stat.h
configure:4455: gcc -c -g -O2  conftest.c >&5
configure:4455: $? = 0
configure:4455: result: yes
configure:4455: checking for stdlib.h
configure:4455: gcc -c -g -O2  conftest.c >&5
configure:4455: $? = 0
configure:4455: result: yes
configure:4455: checking for string.h
configure:4455: gcc -c -g -O2  conftest.c >&5
configure:4455: $? = 0
configure:4455: result: yes
configure:4455: checking for memory.h
configure:4455: gcc -c -g -O2  conftest.c >&5
configure:4455: $? = 0
configure:4455: result: yes
configure:4455: checking for strings.h
configure:4455: gcc -c -g -O2  conftest.c >&5
configure:4455: $? = 0
configure:4455: result: yes
configure:4455: checking for inttypes.h
configure:4455: gcc -c -g -O2  conftest.c >&5
configure:4455: $? = 0
configure:4455: result: yes
configure:4455: checking for stdint.h
configure:4455: gcc -c -g -O2  conftest.c >&5
configure:4455: $? = 0
configure:4455: result: yes
configure:4455: checking for unistd.h
configure:4455: gcc -c -g -O2  conftest.c >&5
configure:4455: $? = 0
configure:4455: result: yes
configure:4470: checking fcntl.h usability
configure:4470: gcc -c -g -O2  conftest.c >&5
configure:4470: $? = 0
configure:4470: result: yes
configure:4470: checking fcntl.h presence
configure:4470: gcc -E  conftest.c
configure:4470: $? = 0
configure:4470: result: yes
configure:4470: checking for fcntl.h
configure:4470: result: yes
configure:4470: checking limits.h usability
configure:4470: gcc -c -g -O2  conftest.c >&5
configure:4470: $? = 0
configure:4470: result: yes
configure:4470: checking limits.h presence
configure:4470: gcc -E  conftest.c
configure:4470: $? = 0
configure:4470: result: yes
configure:4470: checking for limits.h
configure:4470: result: yes
configure:4470: checking for strings.h
configure:4470: result: yes
configure:4470: checking syslog.h usability
configure:4470: gcc -c -g -O2  conftest.c >&5
configure:4470: $? = 0
configure:4470: result: yes
configure:4470: checking syslog.h presence
configure:4470: gcc -E  conftest.c
configure:4470: $? = 0
configure:4470: result: yes
configure:4470: checking for syslog.h
configure:4470: result: yes
configure:4470: checking for unistd.h
configure:4470: result: yes
configure:4470: checking sys/cdefs.h usability
configure:4470: gcc -c -g -O2  conftest.c >&5
configure:4470: $? = 0
configure:4470: result: yes
configure:4470: checking sys/cdefs.h presence
configure:4470: gcc -E  conftest.c
configure:4470: $? = 0
configure:4470: result: yes
configure:4470: checking for sys/cdefs.h
configure:4470: result: yes
configure:4470: checking sys/param.h usability
configure:4470: gcc -c -g -O2  conftest.c >&5
configure:4470: $? = 0
configure:4470: result: yes
configure:4470: checking sys/param.h presence
configure:4470: gcc -E  conftest.c
configure:4470: $? = 0
configure:4470: result: yes
configure:4470: checking for sys/param.h
configure:4470: result: yes
configure:4470: checking stdarg.h usability
configure:4470: gcc -c -g -O2  conftest.c >&5
configure:4470: $? = 0
configure:4470: result: yes
configure:4470: checking stdarg.h presence
configure:4470: gcc -E  conftest.c
configure:4470: $? = 0
configure:4470: result: yes
configure:4470: checking for stdarg.h
configure:4470: result: yes
configure:4470: checking locale.h usability
configure:4470: gcc -c -g -O2  conftest.c >&5
configure:4470: $? = 0
configure:4470: result: yes
configure:4470: checking locale.h presence
configure:4470: gcc -E  conftest.c
configure:4470: $? = 0
configure:4470: result: yes
configure:4470: checking for locale.h
configure:4470: result: yes
configure:4470: checking endian.h usability
configure:4470: gcc -c -g -O2  conftest.c >&5
configure:4470: $? = 0
configure:4470: result: yes
configure:4470: checking endian.h presence
configure:4470: gcc -E  conftest.c
configure:4470: $? = 0
configure:4470: result: yes
configure:4470: checking for endian.h
configure:4470: result: yes
configure:4480: checking for inttypes.h
configure:4480: result: yes
configure:4490: checking for an ANSI C-conforming const
configure:4556: gcc -c -g -O2  conftest.c >&5
configure:4556: $? = 0
configure:4563: result: yes
configure:4571: checking for size_t
configure:4571: gcc -c -g -O2  conftest.c >&5
configure:4571: $? = 0
configure:4571: gcc -c -g -O2  conftest.c >&5
conftest.c: In function 'main':
conftest.c:68:21: error: expected expression before ')' token
 if (sizeof ((size_t)))
                     ^
configure:4571: $? = 1
configure: failed program was:
| /* confdefs.h */
| #define PACKAGE_NAME "json-c"
| #define PACKAGE_TARNAME "json-c"
| #define PACKAGE_VERSION "0.12.99"
| #define PACKAGE_STRING "json-c 0.12.99"
| #define PACKAGE_BUGREPORT "json-c@googlegroups.com"
| #define PACKAGE_URL ""
| #define PACKAGE "json-c"
| #define VERSION "0.12.99"
| #define STDC_HEADERS 1
| #define HAVE_SYS_TYPES_H 1
| #define HAVE_SYS_STAT_H 1
| #define HAVE_STDLIB_H 1
| #define HAVE_STRING_H 1
| #define HAVE_MEMORY_H 1
| #define HAVE_STRINGS_H 1
| #define HAVE_INTTYPES_H 1
| #define HAVE_STDINT_H 1
| #define HAVE_UNISTD_H 1
| #define HAVE_FCNTL_H 1
| #define HAVE_LIMITS_H 1
| #define HAVE_STRINGS_H 1
| #define HAVE_SYSLOG_H 1
| #define HAVE_UNISTD_H 1
| #define HAVE_SYS_CDEFS_H 1
| #define HAVE_SYS_PARAM_H 1
| #define HAVE_STDARG_H 1
| #define HAVE_LOCALE_H 1
| #define HAVE_ENDIAN_H 1
| #define JSON_C_HAVE_INTTYPES_H 1
| /* end confdefs.h.  */
| #include <stdio.h>
| #ifdef HAVE_SYS_TYPES_H
| # include <sys/types.h>
| #endif
| #ifdef HAVE_SYS_STAT_H
| # include <sys/stat.h>
| #endif
| #ifdef STDC_HEADERS
| # include <stdlib.h>
| # include <stddef.h>
| #else
| # ifdef HAVE_STDLIB_H
| #  include <stdlib.h>
| # endif
| #endif
| #ifdef HAVE_STRING_H
| # if !defined STDC_HEADERS && defined HAVE_MEMORY_H
| #  include <memory.h>
| # endif
| # include <string.h>
| #endif
| #ifdef HAVE_STRINGS_H
| # include <strings.h>
| #endif
| #ifdef HAVE_INTTYPES_H
| # include <inttypes.h>
| #endif
| #ifdef HAVE_STDINT_H
| # include <stdint.h>
| #endif
| #ifdef HAVE_UNISTD_H
| # include <unistd.h>
| #endif
| int
| main ()
| {
| if (sizeof ((size_t)))
| 	    return 0;
|   ;
|   return 0;
| }
configure:4571: result: yes
configure:4586: checking for vprintf
configure:4586: gcc -o conftest -g -O2   conftest.c  >&5
conftest.c:55:6: warning: conflicting types for built-in function 'vprintf'
 char vprintf ();
      ^
configure:4586: $? = 0
configure:4586: result: yes
configure:4592: checking for _doprnt
configure:4592: gcc -o conftest -g -O2   conftest.c  >&5
/tmp/ccHq5m8E.o: In function `main':
/root/workspace/ics-project/json-c/conftest.c:67: undefined reference to `_doprnt'
collect2: error: ld returned 1 exit status
configure:4592: $? = 1
configure: failed program was:
| /* confdefs.h */
| #define PACKAGE_NAME "json-c"
| #define PACKAGE_TARNAME "json-c"
| #define PACKAGE_VERSION "0.12.99"
| #define PACKAGE_STRING "json-c 0.12.99"
| #define PACKAGE_BUGREPORT "json-c@googlegroups.com"
| #define PACKAGE_URL ""
| #define PACKAGE "json-c"
| #define VERSION "0.12.99"
| #define STDC_HEADERS 1
| #define HAVE_SYS_TYPES_H 1
| #define HAVE_SYS_STAT_H 1
| #define HAVE_STDLIB_H 1
| #define HAVE_STRING_H 1
| #define HAVE_MEMORY_H 1
| #define HAVE_STRINGS_H 1
| #define HAVE_INTTYPES_H 1
| #define HAVE_STDINT_H 1
| #define HAVE_UNISTD_H 1
| #define HAVE_FCNTL_H 1
| #define HAVE_LIMITS_H 1
| #define HAVE_STRINGS_H 1
| #define HAVE_SYSLOG_H 1
| #define HAVE_UNISTD_H 1
| #define HAVE_SYS_CDEFS_H 1
| #define HAVE_SYS_PARAM_H 1
| #define HAVE_STDARG_H 1
| #define HAVE_LOCALE_H 1
| #define HAVE_ENDIAN_H 1
| #define JSON_C_HAVE_INTTYPES_H 1
| #define HAVE_VPRINTF 1
| /* end confdefs.h.  */
| /* Define _doprnt to an innocuous variant, in case <limits.h> declares _doprnt.
|    For example, HP-UX 11i <limits.h> declares gettimeofday.  */
| #define _doprnt innocuous__doprnt
| 
| /* System header to define __stub macros and hopefully few prototypes,
|     which can conflict with char _doprnt (); below.
|     Prefer <limits.h> to <assert.h> if __STDC__ is defined, since
|     <limits.h> exists even on freestanding compilers.  */
| 
| #ifdef __STDC__
| # include <limits.h>
| #else
| # include <assert.h>
| #endif
| 
| #undef _doprnt
| 
| /* Override any GCC internal prototype to avoid an error.
|    Use char because int might match the return type of a GCC
|    builtin and then its argument prototype would still apply.  */
| #ifdef __cplusplus
| extern "C"
| #endif
| char _doprnt ();
| /* The GNU C library defines this for functions which it implements
|     to always fail with ENOSYS.  Some functions are actually named
|     something starting with __ and the normal name is an alias.  */
| #if defined __stub__doprnt || defined __stub____doprnt
| choke me
| #endif
| 
| int
| main ()
| {
| return _doprnt ();
|   ;
|   return 0;
| }
configure:4592: result: no
configure:4603: checking for working memcmp
configure:4646: gcc -o conftest -g -O2   conftest.c  >&5
configure:4646: $? = 0
configure:4646: ./conftest
configure:4646: $? = 0
configure:4656: result: yes
configure:4667: checking for stdlib.h
configure:4667: result: yes
configure:4677: checking for GNU libc compatible malloc
configure:4701: gcc -o conftest -g -O2   conftest.c  >&5
configure:4701: $? = 0
configure:4701: ./conftest
configure:4701: $? = 0
configure:4711: result: yes
configure:4734: checking for stdlib.h
configure:4734: result: yes
configure:4744: checking for GNU libc compatible realloc
configure:4768: gcc -o conftest -g -O2   conftest.c  >&5
configure:4768: $? = 0
configure:4768: ./conftest
configure:4768: $? = 0
configure:4778: result: yes
configure:4802: checking for strcasecmp
configure:4802: gcc -o conftest -g -O2   conftest.c  >&5
conftest.c:60:6: warning: conflicting types for built-in function 'strcasecmp'
 char strcasecmp ();
      ^
configure:4802: $? = 0
configure:4802: result: yes
configure:4802: checking for strdup
configure:4802: gcc -o conftest -g -O2   conftest.c  >&5
conftest.c:61:6: warning: conflicting types for built-in function 'strdup'
 char strdup ();
      ^
configure:4802: $? = 0
configure:4802: result: yes
configure:4802: checking for strerror
configure:4802: gcc -o conftest -g -O2   conftest.c  >&5
configure:4802: $? = 0
configure:4802: result: yes
configure:4802: checking for snprintf
configure:4802: gcc -o conftest -g -O2   conftest.c  >&5
conftest.c:63:6: warning: conflicting types for built-in function 'snprintf'
 char snprintf ();
      ^
configure:4802: $? = 0
configure:4802: result: yes
configure:4802: checking for vsnprintf
configure:4802: gcc -o conftest -g -O2   conftest.c  >&5
conftest.c:64:6: warning: conflicting types for built-in function 'vsnprintf'
 char vsnprintf ();
      ^
configure:4802: $? = 0
configure:4802: result: yes
configure:4802: checking for vasprintf
configure:4802: gcc -o conftest -g -O2   conftest.c  >&5
configure:4802: $? = 0
configure:4802: result: yes
configure:4802: checking for open
configure:4802: gcc -o conftest -g -O2   conftest.c  >&5
configure:4802: $? = 0
configure:4802: result: yes
configure:4802: checking for vsyslog
configure:4802: gcc -o conftest -g -O2   conftest.c  >&5
configure:4802: $? = 0
configure:4802: result: yes
configure:4802: checking for strncasecmp
configure:4802: gcc -o conftest -g -O2   conftest.c  >&5
conftest.c:68:6: warning: conflicting types for built-in function 'strncasecmp'
 char strncasecmp ();
      ^
configure:4802: $? = 0
configure:4802: result: yes
configure:4802: checking for setlocale
configure:4802: gcc -o conftest -g -O2   conftest.c  >&5
configure:4802: $? = 0
configure:4802: result: yes
configure:4811: checking whether INFINITY is declared
configure:4811: gcc -c -g -O2  conftest.c >&5
configure:4811: $? = 0
configure:4811: result: yes
configure:4823: checking whether nan is declared
configure:4823: gcc -c -g -O2  conftest.c >&5
configure:4823: $? = 0
configure:4823: result: yes
configure:4835: checking whether isnan is declared
configure:4835: gcc -c -g -O2  conftest.c >&5
configure:4835: $? = 0
configure:4835: result: yes
configure:4847: checking whether isinf is declared
configure:4847: gcc -c -g -O2  conftest.c >&5
configure:4847: $? = 0
configure:4847: result: yes
configure:4859: checking whether _isnan is declared
configure:4859: gcc -c -g -O2  conftest.c >&5
conftest.c: In function 'main':
conftest.c:60:10: error: '_isnan' undeclared (first use in this function)
   (void) _isnan;
          ^
conftest.c:60:10: note: each undeclared identifier is reported only once for each function it appears in
configure:4859: $? = 1
configure: failed program was:
| /* confdefs.h */
| #define PACKAGE_NAME "json-c"
| #define PACKAGE_TARNAME "json-c"
| #define PACKAGE_VERSION "0.12.99"
| #define PACKAGE_STRING "json-c 0.12.99"
| #define PACKAGE_BUGREPORT "json-c@googlegroups.com"
| #define PACKAGE_URL ""
| #define PACKAGE "json-c"
| #define VERSION "0.12.99"
| #define STDC_HEADERS 1
| #define HAVE_SYS_TYPES_H 1
| #define HAVE_SYS_STAT_H 1
| #define HAVE_STDLIB_H 1
| #define HAVE_STRING_H 1
| #define HAVE_MEMORY_H 1
| #define HAVE_STRINGS_H 1
| #define HAVE_INTTYPES_H 1
| #define HAVE_STDINT_H 1
| #define HAVE_UNISTD_H 1
| #define HAVE_FCNTL_H 1
| #define HAVE_LIMITS_H 1
| #define HAVE_STRINGS_H 1
| #define HAVE_SYSLOG_H 1
| #define HAVE_UNISTD_H 1
| #define HAVE_SYS_CDEFS_H 1
| #define HAVE_SYS_PARAM_H 1
| #define HAVE_STDARG_H 1
| #define HAVE_LOCALE_H 1
| #define HAVE_ENDIAN_H 1
| #define JSON_C_HAVE_INTTYPES_H 1
| #define HAVE_VPRINTF 1
| #define HAVE_STDLIB_H 1
| #define HAVE_MALLOC 1
| #define HAVE_STDLIB_H 1
| #define HAVE_REALLOC 1
| #define HAVE_STRCASECMP 1
| #define HAVE_STRDUP 1
| #define HAVE_STRERROR 1
| #define HAVE_SNPRINTF 1
| #define HAVE_VSNPRINTF 1
| #define HAVE_VASPRINTF 1
| #define HAVE_OPEN 1
| #define HAVE_VSYSLOG 1
| #define HAVE_STRNCASECMP 1
| #define HAVE_SETLOCALE 1
| #define HAVE_DECL_INFINITY 1
| #define HAVE_DECL_NAN 1
| #define HAVE_DECL_ISNAN 1
| #define HAVE_DECL_ISINF 1
| /* end confdefs.h.  */
| #include <float.h>
| 
| int
| main ()
| {
| #ifndef _isnan
| #ifdef __cplusplus
|   (void) _isnan;
| #else
|   (void) _isnan;
| #endif
| #endif
| 
|   ;
|   return 0;
| }
configure:4859: result: no
configure:4871: checking whether _finite is declared
configure:4871: gcc -c -g -O2  conftest.c >&5
conftest.c: In function 'main':
conftest.c:61:10: error: '_finite' undeclared (first use in this function)
   (void) _finite;
          ^
conftest.c:61:10: note: each undeclared identifier is reported only once for each function it appears in
configure:4871: $? = 1
configure: failed program was:
| /* confdefs.h */
| #define PACKAGE_NAME "json-c"
| #define PACKAGE_TARNAME "json-c"
| #define PACKAGE_VERSION "0.12.99"
| #define PACKAGE_STRING "json-c 0.12.99"
| #define PACKAGE_BUGREPORT "json-c@googlegroups.com"
| #define PACKAGE_URL ""
| #define PACKAGE "json-c"
| #define VERSION "0.12.99"
| #define STDC_HEADERS 1
| #define HAVE_SYS_TYPES_H 1
| #define HAVE_SYS_STAT_H 1
| #define HAVE_STDLIB_H 1
| #define HAVE_STRING_H 1
| #define HAVE_MEMORY_H 1
| #define HAVE_STRINGS_H 1
| #define HAVE_INTTYPES_H 1
| #define HAVE_STDINT_H 1
| #define HAVE_UNISTD_H 1
| #define HAVE_FCNTL_H 1
| #define HAVE_LIMITS_H 1
| #define HAVE_STRINGS_H 1
| #define HAVE_SYSLOG_H 1
| #define HAVE_UNISTD_H 1
| #define HAVE_SYS_CDEFS_H 1
| #define HAVE_SYS_PARAM_H 1
| #define HAVE_STDARG_H 1
| #define HAVE_LOCALE_H 1
| #define HAVE_ENDIAN_H 1
| #define JSON_C_HAVE_INTTYPES_H 1
| #define HAVE_VPRINTF 1
| #define HAVE_STDLIB_H 1
| #define HAVE_MALLOC 1
| #define HAVE_STDLIB_H 1
| #define HAVE_REALLOC 1
| #define HAVE_STRCASECMP 1
| #define HAVE_STRDUP 1
| #define HAVE_STRERROR 1
| #define HAVE_SNPRINTF 1
| #define HAVE_VSNPRINTF 1
| #define HAVE_VASPRINTF 1
| #define HAVE_OPEN 1
| #define HAVE_VSYSLOG 1
| #define HAVE_STRNCASECMP 1
| #define HAVE_SETLOCALE 1
| #define HAVE_DECL_INFINITY 1
| #define HAVE_DECL_NAN 1
| #define HAVE_DECL_ISNAN 1
| #define HAVE_DECL_ISINF 1
| #define HAVE_DECL__ISNAN 0
| /* end confdefs.h.  */
| #include <float.h>
| 
| int
| main ()
| {
| #ifndef _finite
| #ifdef __cplusplus
|   (void) _finite;
| #else
|   (void) _finite;
| #endif
| #endif
| 
|   ;
|   return 0;
| }
configure:4871: result: no
configure:4896: gcc -o conftest -g -O2   conftest.c  >&5
configure:4896: $? = 0
configure:4913: checking if .gnu.warning accepts long strings
configure:4924: gcc -o conftest -g -O2   conftest.c  >&5
/tmp/ccQ9uCgU.s: Assembler messages:
/tmp/ccQ9uCgU.s:5: Error: character following name is not '#'
configure:4924: $? = 1
configure: failed program was:
| /* confdefs.h */
| #define PACKAGE_NAME "json-c"
| #define PACKAGE_TARNAME "json-c"
| #define PACKAGE_VERSION "0.12.99"
| #define PACKAGE_STRING "json-c 0.12.99"
| #define PACKAGE_BUGREPORT "json-c@googlegroups.com"
| #define PACKAGE_URL ""
| #define PACKAGE "json-c"
| #define VERSION "0.12.99"
| #define STDC_HEADERS 1
| #define HAVE_SYS_TYPES_H 1
| #define HAVE_SYS_STAT_H 1
| #define HAVE_STDLIB_H 1
| #define HAVE_STRING_H 1
| #define HAVE_MEMORY_H 1
| #define HAVE_STRINGS_H 1
| #define HAVE_INTTYPES_H 1
| #define HAVE_STDINT_H 1
| #define HAVE_UNISTD_H 1
| #define HAVE_FCNTL_H 1
| #define HAVE_LIMITS_H 1
| #define HAVE_STRINGS_H 1
| #define HAVE_SYSLOG_H 1
| #define HAVE_UNISTD_H 1
| #define HAVE_SYS_CDEFS_H 1
| #define HAVE_SYS_PARAM_H 1
| #define HAVE_STDARG_H 1
| #define HAVE_LOCALE_H 1
| #define HAVE_ENDIAN_H 1
| #define JSON_C_HAVE_INTTYPES_H 1
| #define HAVE_VPRINTF 1
| #define HAVE_STDLIB_H 1
| #define HAVE_MALLOC 1
| #define HAVE_STDLIB_H 1
| #define HAVE_REALLOC 1
| #define HAVE_STRCASECMP 1
| #define HAVE_STRDUP 1
| #define HAVE_STRERROR 1
| #define HAVE_SNPRINTF 1
| #define HAVE_VSNPRINTF 1
| #define HAVE_VASPRINTF 1
| #define HAVE_OPEN 1
| #define HAVE_VSYSLOG 1
| #define HAVE_STRNCASECMP 1
| #define HAVE_SETLOCALE 1
| #define HAVE_DECL_INFINITY 1
| #define HAVE_DECL_NAN 1
| #define HAVE_DECL_ISNAN 1
| #define HAVE_DECL_ISINF 1
| #define HAVE_DECL__ISNAN 0
| #define HAVE_DECL__FINITE 0
| /* end confdefs.h.  */
| 
| extern void json_object_get();
| __asm__(".section .gnu.json_object_get,\n\t.ascii \"Please link against libjson-c instead of libjson\"\n\t.text");
| 
| int main(int c,char* v) {return 0;}
| 
configure:4934: result: no
configure:4977: checking build system type
configure:4991: result: i686-pc-linux-gnu
configure:5011: checking host system type
configure:5024: result: i686-pc-linux-gnu
configure:5065: checking how to print strings
configure:5092: result: printf
configure:5113: checking for a sed that does not truncate output
configure:5177: result: /usr/bin/sed
configure:5195: checking for fgrep
configure:5257: result: /usr/bin/grep -F
configure:5292: checking for ld used by gcc
configure:5359: result: /usr/bin/ld
configure:5366: checking if the linker (/usr/bin/ld) is GNU ld
configure:5381: result: yes
configure:5393: checking for BSD- or MS-compatible name lister (nm)
configure:5447: result: /usr/bin/nm -B
configure:5577: checking the name lister (/usr/bin/nm -B) interface
configure:5584: gcc -c -g -O2  conftest.c >&5
configure:5587: /usr/bin/nm -B "conftest.o"
configure:5590: output
00000000 B some_variable
configure:5597: result: BSD nm
configure:5600: checking whether ln -s works
configure:5604: result: yes
configure:5612: checking the maximum length of command line arguments
configure:5743: result: 1572864
configure:5791: checking how to convert i686-pc-linux-gnu file names to i686-pc-linux-gnu format
configure:5831: result: func_convert_file_noop
configure:5838: checking how to convert i686-pc-linux-gnu file names to toolchain format
configure:5858: result: func_convert_file_noop
configure:5865: checking for /usr/bin/ld option to reload object files
configure:5872: result: -r
configure:5946: checking for objdump
configure:5962: found /usr/bin/objdump
configure:5973: result: objdump
configure:6005: checking how to recognize dependent libraries
configure:6205: result: pass_all
configure:6290: checking for dlltool
configure:6320: result: no
configure:6350: checking how to associate runtime and link libraries
configure:6377: result: printf %s\n
configure:6437: checking for ar
configure:6453: found /usr/bin/ar
configure:6464: result: ar
configure:6501: checking for archiver @FILE support
configure:6518: gcc -c -g -O2  conftest.c >&5
configure:6518: $? = 0
configure:6521: ar cru libconftest.a @conftest.lst >&5
ar: `u' modifier ignored since `D' is the default (see `U')
configure:6524: $? = 0
configure:6529: ar cru libconftest.a @conftest.lst >&5
ar: `u' modifier ignored since `D' is the default (see `U')
ar: conftest.o: No such file or directory
configure:6532: $? = 1
configure:6544: result: @
configure:6602: checking for strip
configure:6618: found /usr/bin/strip
configure:6629: result: strip
configure:6701: checking for ranlib
configure:6717: found /usr/bin/ranlib
configure:6728: result: ranlib
configure:6830: checking command to parse /usr/bin/nm -B output from gcc object
configure:6983: gcc -c -g -O2  conftest.c >&5
configure:6986: $? = 0
configure:6990: /usr/bin/nm -B conftest.o \| sed -n -e 's/^.*[ ]\([ABCDGIRSTW][ABCDGIRSTW]*\)[ ][ ]*\([_A-Za-z][_A-Za-z0-9]*\)$/\1 \2 \2/p' | sed '/ __gnu_lto/d' \> conftest.nm
configure:6993: $? = 0
configure:7059: gcc -o conftest -g -O2   conftest.c conftstm.o >&5
configure:7062: $? = 0
configure:7100: result: ok
configure:7147: checking for sysroot
configure:7177: result: no
configure:7184: checking for a working dd
configure:7222: result: /usr/bin/dd
configure:7226: checking how to truncate binary pipes
configure:7241: result: /usr/bin/dd bs=4096 count=1
configure:7570: checking for mt
configure:7600: result: no
configure:7620: checking if : is a manifest tool
configure:7626: : '-?'
configure:7634: result: no
configure:8308: checking for dlfcn.h
configure:8308: gcc -c -g -O2  conftest.c >&5
configure:8308: $? = 0
configure:8308: result: yes
configure:8564: checking for objdir
configure:8579: result: .libs
configure:8839: checking if gcc supports -fno-rtti -fno-exceptions
configure:8857: gcc -c -g -O2  -fno-rtti -fno-exceptions conftest.c >&5
cc1: warning: command line option '-fno-rtti' is valid for C++/ObjC++ but not for C
cc1: warning: command line option '-fno-rtti' is valid for C++/ObjC++ but not for C
configure:8861: $? = 0
configure:8874: result: no
configure:9232: checking for gcc option to produce PIC
configure:9239: result: -fPIC -DPIC
configure:9247: checking if gcc PIC flag -fPIC -DPIC works
configure:9265: gcc -c -g -O2  -fPIC -DPIC -DPIC conftest.c >&5
configure:9269: $? = 0
configure:9282: result: yes
configure:9311: checking if gcc static flag -static works
configure:9339: result: no
configure:9354: checking if gcc supports -c -o file.o
configure:9375: gcc -c -g -O2  -o out/conftest2.o conftest.c >&5
configure:9379: $? = 0
configure:9401: result: yes
configure:9409: checking if gcc supports -c -o file.o
configure:9456: result: yes
configure:9489: checking whether the gcc linker (/usr/bin/ld) supports shared libraries
configure:10748: result: yes
configure:10988: checking dynamic linker characteristics
configure:11569: gcc -o conftest -g -O2   -Wl,-rpath -Wl,/foo conftest.c  >&5
configure:11569: $? = 0
configure:11809: result: GNU/Linux ld.so
configure:11931: checking how to hardcode library paths into programs
configure:11956: result: immediate
configure:12504: checking whether stripping libraries is possible
configure:12509: result: yes
configure:12544: checking if libtool supports shared libraries
configure:12546: result: yes
configure:12549: checking whether to build shared libraries
configure:12574: result: no
configure:12577: checking whether to build static libraries
configure:12581: result: yes
configure:12631: checking for -Bsymbolic-functions linker flag
configure:12645: gcc -o conftest -g -O2  -Wl,-Bsymbolic-functions conftest.c  >&5
configure:12645: $? = 0
configure:12647: result: yes
configure:12781: checking that generated files are newer than configure
configure:12787: result: done
configure:12810: creating ./config.status

## ---------------------- ##
## Running config.status. ##
## ---------------------- ##

This file was extended by json-c config.status 0.12.99, which was
generated by GNU Autoconf 2.69.  Invocation command line was

  CONFIG_FILES    = 
  CONFIG_HEADERS  = 
  CONFIG_LINKS    = 
  CONFIG_COMMANDS = 
  $ ./config.status 

on localhost.localdomain

config.status:1120: creating Makefile
config.status:1120: creating json-c.pc
config.status:1120: creating tests/Makefile
config.status:1120: creating json-c-uninstalled.pc
config.status:1120: creating config.h
config.status:1120: creating json_config.h
config.status:1349: executing depfiles commands
config.status:1349: executing libtool commands

## ---------------- ##
## Cache variables. ##
## ---------------- ##

ac_cv_build=i686-pc-linux-gnu
ac_cv_c_compiler_gnu=yes
ac_cv_c_const=yes
ac_cv_env_CC_set=
ac_cv_env_CC_value=
ac_cv_env_CFLAGS_set=
ac_cv_env_CFLAGS_value=
ac_cv_env_CPPFLAGS_set=
ac_cv_env_CPPFLAGS_value=
ac_cv_env_CPP_set=
ac_cv_env_CPP_value=
ac_cv_env_LDFLAGS_set=
ac_cv_env_LDFLAGS_value=
ac_cv_env_LIBS_set=
ac_cv_env_LIBS_value=
ac_cv_env_LT_SYS_LIBRARY_PATH_set=
ac_cv_env_LT_SYS_LIBRARY_PATH_value=
ac_cv_env_build_alias_set=
ac_cv_env_build_alias_value=
ac_cv_env_host_alias_set=
ac_cv_env_host_alias_value=
ac_cv_env_target_alias_set=
ac_cv_env_target_alias_value=
ac_cv_func__doprnt=no
ac_cv_func_malloc_0_nonnull=yes
ac_cv_func_memcmp_working=yes
ac_cv_func_open=yes
ac_cv_func_realloc_0_nonnull=yes
ac_cv_func_setlocale=yes
ac_cv_func_snprintf=yes
ac_cv_func_strcasecmp=yes
ac_cv_func_strdup=yes
ac_cv_func_strerror=yes
ac_cv_func_strncasecmp=yes
ac_cv_func_vasprintf=yes
ac_cv_func_vprintf=yes
ac_cv_func_vsnprintf=yes
ac_cv_func_vsyslog=yes
ac_cv_have_decl_INFINITY=yes
ac_cv_have_decl__finite=no
ac_cv_have_decl__isnan=no
ac_cv_have_decl_isinf=yes
ac_cv_have_decl_isnan=yes
ac_cv_have_decl_nan=yes
ac_cv_header_dlfcn_h=yes
ac_cv_header_endian_h=yes
ac_cv_header_fcntl_h=yes
ac_cv_header_inttypes_h=yes
ac_cv_header_limits_h=yes
ac_cv_header_locale_h=yes
ac_cv_header_memory_h=yes
ac_cv_header_stdarg_h=yes
ac_cv_header_stdc=yes
ac_cv_header_stdint_h=yes
ac_cv_header_stdlib_h=yes
ac_cv_header_string_h=yes
ac_cv_header_strings_h=yes
ac_cv_header_sys_cdefs_h=yes
ac_cv_header_sys_param_h=yes
ac_cv_header_sys_stat_h=yes
ac_cv_header_sys_types_h=yes
ac_cv_header_syslog_h=yes
ac_cv_header_unistd_h=yes
ac_cv_host=i686-pc-linux-gnu
ac_cv_objext=o
ac_cv_path_EGREP='/usr/bin/grep -E'
ac_cv_path_FGREP='/usr/bin/grep -F'
ac_cv_path_GREP=/usr/bin/grep
ac_cv_path_SED=/usr/bin/sed
ac_cv_path_install='/usr/bin/install -c'
ac_cv_path_lt_DD=/usr/bin/dd
ac_cv_path_mkdir=/usr/bin/mkdir
ac_cv_prog_AWK=gawk
ac_cv_prog_CPP='gcc -E'
ac_cv_prog_ac_ct_AR=ar
ac_cv_prog_ac_ct_CC=gcc
ac_cv_prog_ac_ct_OBJDUMP=objdump
ac_cv_prog_ac_ct_RANLIB=ranlib
ac_cv_prog_ac_ct_STRIP=strip
ac_cv_prog_cc_c89=
ac_cv_prog_cc_g=yes
ac_cv_prog_make_make_set=yes
ac_cv_type_size_t=yes
am_cv_CC_dependencies_compiler_type=gcc3
am_cv_make_support_nested_variables=yes
am_cv_prog_cc_c_o=yes
lt_cv_ar_at_file=@
lt_cv_deplibs_check_method=pass_all
lt_cv_file_magic_cmd='$MAGIC_CMD'
lt_cv_file_magic_test_file=
lt_cv_ld_reload_flag=-r
lt_cv_nm_interface='BSD nm'
lt_cv_objdir=.libs
lt_cv_path_LD=/usr/bin/ld
lt_cv_path_NM='/usr/bin/nm -B'
lt_cv_path_mainfest_tool=no
lt_cv_prog_compiler_c_o=yes
lt_cv_prog_compiler_pic='-fPIC -DPIC'
lt_cv_prog_compiler_pic_works=yes
lt_cv_prog_compiler_rtti_exceptions=no
lt_cv_prog_compiler_static_works=no
lt_cv_prog_gnu_ld=yes
lt_cv_sharedlib_from_linklib_cmd='printf %s\n'
lt_cv_shlibpath_overrides_runpath=no
lt_cv_sys_global_symbol_pipe='sed -n -e '\''s/^.*[	 ]\([ABCDGIRSTW][ABCDGIRSTW]*\)[	 ][	 ]*\([_A-Za-z][_A-Za-z0-9]*\)$/\1 \2 \2/p'\'' | sed '\''/ __gnu_lto/d'\'''
lt_cv_sys_global_symbol_to_c_name_address='sed -n -e '\''s/^: \(.*\) .*$/  {"\1", (void *) 0},/p'\'' -e '\''s/^[ABCDGIRSTW][ABCDGIRSTW]* .* \(.*\)$/  {"\1", (void *) \&\1},/p'\'''
lt_cv_sys_global_symbol_to_c_name_address_lib_prefix='sed -n -e '\''s/^: \(.*\) .*$/  {"\1", (void *) 0},/p'\'' -e '\''s/^[ABCDGIRSTW][ABCDGIRSTW]* .* \(lib.*\)$/  {"\1", (void *) \&\1},/p'\'' -e '\''s/^[ABCDGIRSTW][ABCDGIRSTW]* .* \(.*\)$/  {"lib\1", (void *) \&\1},/p'\'''
lt_cv_sys_global_symbol_to_cdecl='sed -n -e '\''s/^T .* \(.*\)$/extern int \1();/p'\'' -e '\''s/^[ABCDGIRSTW][ABCDGIRSTW]* .* \(.*\)$/extern char \1;/p'\'''
lt_cv_sys_global_symbol_to_import=
lt_cv_sys_max_cmd_len=1572864
lt_cv_to_host_file_cmd=func_convert_file_noop
lt_cv_to_tool_file_cmd=func_convert_file_noop
lt_cv_truncate_bin='/usr/bin/dd bs=4096 count=1'

## ----------------- ##
## Output variables. ##
## ----------------- ##

ACLOCAL='${SHELL} /root/workspace/ics-project/json-c/missing aclocal-1.15'
AMDEPBACKSLASH='\'
AMDEP_FALSE='#'
AMDEP_TRUE=''
AMTAR='$${TAR-tar}'
AM_BACKSLASH='\'
AM_DEFAULT_V='$(AM_DEFAULT_VERBOSITY)'
AM_DEFAULT_VERBOSITY='0'
AM_V='$(V)'
AR='ar'
AUTOCONF='${SHELL} /root/workspace/ics-project/json-c/missing autoconf'
AUTOHEADER='${SHELL} /root/workspace/ics-project/json-c/missing autoheader'
AUTOMAKE='${SHELL} /root/workspace/ics-project/json-c/missing automake-1.15'
AWK='gawk'
CC='gcc'
CCDEPMODE='depmode=gcc3'
CFLAGS='-g -O2'
CPP='gcc -E'
CPPFLAGS=''
CYGPATH_W='echo'
DEFS='-DHAVE_CONFIG_H'
DEPDIR='.deps'
DLLTOOL='false'
DSYMUTIL=''
DUMPBIN=''
ECHO_C=''
ECHO_N='-n'
ECHO_T=''
EGREP='/usr/bin/grep -E'
EXEEXT=''
FGREP='/usr/bin/grep -F'
GREP='/usr/bin/grep'
INSTALL_DATA='${INSTALL} -m 644'
INSTALL_PROGRAM='${INSTALL}'
INSTALL_SCRIPT='${INSTALL}'
INSTALL_STRIP_PROGRAM='$(install_sh) -c -s'
JSON_BSYMBOLIC_LDFLAGS='-Wl,-Bsymbolic-functions'
LD='/usr/bin/ld'
LDFLAGS=''
LIBOBJS=''
LIBS=''
LIBTOOL='$(SHELL) $(top_builddir)/libtool'
LIPO=''
LN_S='ln -s'
LTLIBOBJS=''
LT_SYS_LIBRARY_PATH=''
MAKEINFO='${SHELL} /root/workspace/ics-project/json-c/missing makeinfo'
MANIFEST_TOOL=':'
MKDIR_P='/usr/bin/mkdir -p'
NM='/usr/bin/nm -B'
NMEDIT=''
OBJDUMP='objdump'
OBJEXT='o'
OTOOL64=''
OTOOL=''
PACKAGE='json-c'
PACKAGE_BUGREPORT='json-c@googlegroups.com'
PACKAGE_NAME='json-c'
PACKAGE_STRING='json-c 0.12.99'
PACKAGE_TARNAME='json-c'
PACKAGE_URL=''
PACKAGE_VERSION='0.12.99'
PATH_SEPARATOR=':'
RANLIB='ranlib'
SED='/usr/bin/sed'
SET_MAKE=''
SHELL='/bin/sh'
STRIP='strip'
VERSION='0.12.99'
ac_ct_AR='ar'
ac_ct_CC='gcc'
ac_ct_DUMPBIN=''
am__EXEEXT_FALSE=''
am__EXEEXT_TRUE='#'
am__fastdepCC_FALSE='#'
am__fastdepCC_TRUE=''
am__include='include'
am__isrc=''
am__leading_dot='.'
am__nodep='_no'
am__quote=''
am__tar='$${TAR-tar} chof - "$$tardir"'
am__untar='$${TAR-tar} xf -'
bindir='${exec_prefix}/bin'
build='i686-pc-linux-gnu'
build_alias=''
build_cpu='i686'
build_os='linux-gnu'
build_vendor='pc'
datadir='${datarootdir}'
datarootdir='${prefix}/share'
docdir='${datarootdir}/doc/${PACKAGE_TARNAME}'
dvidir='${docdir}'
exec_prefix='${prefix}'
host='i686-pc-linux-gnu'
host_alias=''
host_cpu='i686'
host_os='linux-gnu'
host_vendor='pc'
htmldir='${docdir}'
includedir='${prefix}/include'
infodir='${datarootdir}/info'
install_sh='${SHELL} /root/workspace/ics-project/json-c/install-sh'
libdir='${exec_prefix}/lib'
libexecdir='${exec_prefix}/libexec'
localedir='${datarootdir}/locale'
localstatedir='${prefix}/var'
mandir='${datarootdir}/man'
mkdir_p='$(MKDIR_P)'
oldincludedir='/usr/include'
pdfdir='${docdir}'
prefix='/root/workspace/ics-project/json-c/../libs/linux-i686'
program_transform_name='s,x,x,'
psdir='${docdir}'
sbindir='${exec_prefix}/sbin'
sharedstatedir='${prefix}/com'
sysconfdir='${prefix}/etc'
target_alias=''

## ----------- ##
## confdefs.h. ##
## ----------- ##

/* confdefs.h */
#define PACKAGE_NAME "json-c"
#define PACKAGE_TARNAME "json-c"
#define PACKAGE_VERSION "0.12.99"
#define PACKAGE_STRING "json-c 0.12.99"
#define PACKAGE_BUGREPORT "json-c@googlegroups.com"
#define PACKAGE_URL ""
#define PACKAGE "json-c"
#define VERSION "0.12.99"
#define STDC_HEADERS 1
#define HAVE_SYS_TYPES_H 1
#define HAVE_SYS_STAT_H 1
#define HAVE_STDLIB_H 1
#define HAVE_STRING_H 1
#define HAVE_MEMORY_H 1
#define HAVE_STRINGS_H 1
#define HAVE_INTTYPES_H 1
#define HAVE_STDINT_H 1
#define HAVE_UNISTD_H 1
#define HAVE_FCNTL_H 1
#define HAVE_LIMITS_H 1
#define HAVE_STRINGS_H 1
#define HAVE_SYSLOG_H 1
#define HAVE_UNISTD_H 1
#define HAVE_SYS_CDEFS_H 1
#define HAVE_SYS_PARAM_H 1
#define HAVE_STDARG_H 1
#define HAVE_LOCALE_H 1
#define HAVE_ENDIAN_H 1
#define JSON_C_HAVE_INTTYPES_H 1
#define HAVE_VPRINTF 1
#define HAVE_STDLIB_H 1
#define HAVE_MALLOC 1
#define HAVE_STDLIB_H 1
#define HAVE_REALLOC 1
#define HAVE_STRCASECMP 1
#define HAVE_STRDUP 1
#define HAVE_STRERROR 1
#define HAVE_SNPRINTF 1
#define HAVE_VSNPRINTF 1
#define HAVE_VASPRINTF 1
#define HAVE_OPEN 1
#define HAVE_VSYSLOG 1
#define HAVE_STRNCASECMP 1
#define HAVE_SETLOCALE 1
#define HAVE_DECL_INFINITY 1
#define HAVE_DECL_NAN 1
#define HAVE_DECL_ISNAN 1
#define HAVE_DECL_ISINF 1
#define HAVE_DECL__ISNAN 0
#define HAVE_DECL__FINITE 0
#define HAVE_DLFCN_H 1
#define LT_OBJDIR ".libs/"

configure: exit 0

## ---------------------- ##
## Running config.status. ##
## ---------------------- ##

This file was extended by json-c config.status 0.12.99, which was
generated by GNU Autoconf 2.69.  Invocation command line was

  CONFIG_FILES    = 
  CONFIG_HEADERS  = 
  CONFIG_LINKS    = 
  CONFIG_COMMANDS = 
  $ ./config.status config.h

on localhost.localdomain

config.status:1120: creating config.h
config.status:1301: config.h is unchanged
